Arguments: 
  /home/janmajaya/.nvm/versions/node/v10.0.0/bin/node /home/janmajaya/.nvm/versions/node/v10.0.0/bin/yarn add enzyme@3.0.0 enzyme-adaptor-react-16@1.0.0 raf@3.3.2

PATH: 
  /home/janmajaya/.nvm/versions/node/v10.0.0/bin:/home/janmajaya/anaconda3/bin:/usr/local/sbin:/usr/local/bin:/usr/sbin:/usr/bin:/sbin:/bin:/usr/games:/usr/local/games:/snap/bin:/usr/lib/jvm/java-8-oracle/bin:/usr/lib/jvm/java-8-oracle/db/bin:/usr/lib/jvm/java-8-oracle/jre/bin

Yarn version: 
  1.9.4

Node version: 
  10.0.0

Platform: 
  linux x64

Trace: 
  Error: https://registry.yarnpkg.com/enzyme-adaptor-react-16: Not found
      at Request.params.callback [as _callback] (/home/janmajaya/.nvm/versions/node/v10.0.0/lib/node_modules/yarn/lib/cli.js:64202:18)
      at Request.self.callback (/home/janmajaya/.nvm/versions/node/v10.0.0/lib/node_modules/yarn/lib/cli.js:137468:22)
      at Request.emit (events.js:182:13)
      at Request.<anonymous> (/home/janmajaya/.nvm/versions/node/v10.0.0/lib/node_modules/yarn/lib/cli.js:138440:10)
      at Request.emit (events.js:182:13)
      at IncomingMessage.<anonymous> (/home/janmajaya/.nvm/versions/node/v10.0.0/lib/node_modules/yarn/lib/cli.js:138362:12)
      at Object.onceWrapper (events.js:275:13)
      at IncomingMessage.emit (events.js:187:15)
      at endReadableNT (_stream_readable.js:1091:14)
      at process._tickCallback (internal/process/next_tick.js:174:19)

npm manifest: 
  {
    "name": "boilerplate",
    "version": "1.0.0",
    "main": "index.js",
    "license": "MIT",
    "scripts": {
      "serve": "live-server public/",
      "build": "webpack",
      "dev-server": "webpack-dev-server",
      "test": "jest --config=jest.config.json"
    },
    "dependencies": {
      "babel-cli": "^6.26.0",
      "babel-core": "6.25.0",
      "babel-loader": "7.1.1",
      "babel-plugin-transform-class-properties": "6.24.1",
      "babel-plugin-transform-object-rest-spread": "6.23.0",
      "babel-plugin-transform-replace-object-assign": "^1.0.0",
      "babel-preset-airbnb": "^2.5.3",
      "babel-preset-env": "1.5.2",
      "babel-preset-es2015": "^6.24.1",
      "babel-preset-react": "6.24.1",
      "css-loader": "0.28.4",
      "jest": "20.0.4",
      "live-server": "^1.2.0",
      "moment": "2.18.1",
      "node-sass": "4.5.3",
      "normalize.css": "7.0.0",
      "react": "16.0.0",
      "react-addons-shallow-compare": "15.6.0",
      "react-dates": "12.7.0",
      "react-dom": "16.0.0",
      "react-modal": "2.2.2",
      "react-redux": "5.0.5",
      "react-router-dom": "4.2.2",
      "react-test-renderer": "16.0.0",
      "redux": "3.7.2",
      "sass-loader": "6.0.6",
      "style-loader": "0.18.2",
      "uuid": "3.1.0",
      "validator": "8.0.0",
      "webpack": "3.1.0",
      "webpack-dev-server": "2.5.1"
    },
    "devDependencies": {
      "babel-preset-stage-2": "^6.24.1"
    }
  }

yarn manifest: 
  No manifest

Lockfile: 
  No lockfile
